[debug] [2024-10-26T12:10:46.828Z] ----------------------------------------------------------------------
[debug] [2024-10-26T12:10:46.831Z] Command:       C:\Program Files\nodejs\node.exe C:\Users\ADMIN\AppData\Roaming\npm\node_modules\firebase-tools\lib\bin\firebase.js deploy
[debug] [2024-10-26T12:10:46.832Z] CLI Version:   13.23.0
[debug] [2024-10-26T12:10:46.832Z] Platform:      win32
[debug] [2024-10-26T12:10:46.832Z] Node Version:  v20.12.2
[debug] [2024-10-26T12:10:46.832Z] Time:          Sat Oct 26 2024 15:10:46 GMT+0300 (East Africa Time)
[debug] [2024-10-26T12:10:46.832Z] ----------------------------------------------------------------------
[debug] 
[debug] [2024-10-26T12:10:46.904Z] > command requires scopes: ["email","openid","https://www.googleapis.com/auth/cloudplatformprojects.readonly","https://www.googleapis.com/auth/firebase","https://www.googleapis.com/auth/cloud-platform"]
[debug] [2024-10-26T12:10:46.904Z] > authorizing via signed-in user (bmauncho@gmail.com)
[debug] [2024-10-26T12:10:46.904Z] [iam] checking project hellospacedemo for permissions ["firebase.projects.get","firebasehosting.sites.update"]
[debug] [2024-10-26T12:10:46.906Z] Checked if tokens are valid: true, expires at: 1729946060436
[debug] [2024-10-26T12:10:46.906Z] Checked if tokens are valid: true, expires at: 1729946060436
[debug] [2024-10-26T12:10:46.907Z] >>> [apiv2][query] POST https://cloudresourcemanager.googleapis.com/v1/projects/hellospacedemo:testIamPermissions [none]
[debug] [2024-10-26T12:10:46.907Z] >>> [apiv2][(partial)header] POST https://cloudresourcemanager.googleapis.com/v1/projects/hellospacedemo:testIamPermissions x-goog-quota-user=projects/hellospacedemo
[debug] [2024-10-26T12:10:46.907Z] >>> [apiv2][body] POST https://cloudresourcemanager.googleapis.com/v1/projects/hellospacedemo:testIamPermissions {"permissions":["firebase.projects.get","firebasehosting.sites.update"]}
[debug] [2024-10-26T12:10:48.447Z] <<< [apiv2][status] POST https://cloudresourcemanager.googleapis.com/v1/projects/hellospacedemo:testIamPermissions 200
[debug] [2024-10-26T12:10:48.447Z] <<< [apiv2][body] POST https://cloudresourcemanager.googleapis.com/v1/projects/hellospacedemo:testIamPermissions {"permissions":["firebase.projects.get","firebasehosting.sites.update"]}
[debug] [2024-10-26T12:10:48.448Z] Checked if tokens are valid: true, expires at: 1729946060436
[debug] [2024-10-26T12:10:48.448Z] Checked if tokens are valid: true, expires at: 1729946060436
[debug] [2024-10-26T12:10:48.448Z] >>> [apiv2][query] GET https://firebase.googleapis.com/v1beta1/projects/hellospacedemo [none]
[debug] [2024-10-26T12:10:48.938Z] <<< [apiv2][status] GET https://firebase.googleapis.com/v1beta1/projects/hellospacedemo 200
[debug] [2024-10-26T12:10:48.938Z] <<< [apiv2][body] GET https://firebase.googleapis.com/v1beta1/projects/hellospacedemo {"projectId":"hellospacedemo","projectNumber":"55580719035","displayName":"Hellospacedemo","name":"projects/hellospacedemo","resources":{"hostingSite":"hellospacedemo"},"state":"ACTIVE","etag":"1_92628d49-1c42-4070-95c8-d4b61edfe3c4"}
[debug] [2024-10-26T12:10:52.164Z] Checked if tokens are valid: true, expires at: 1729946060436
[debug] [2024-10-26T12:10:52.164Z] Checked if tokens are valid: true, expires at: 1729946060436
[debug] [2024-10-26T12:10:52.164Z] >>> [apiv2][query] GET https://firebasehosting.googleapis.com/v1beta1/projects/hellospacedemo/sites pageToken=&pageSize=10
[debug] [2024-10-26T12:10:54.031Z] <<< [apiv2][status] GET https://firebasehosting.googleapis.com/v1beta1/projects/hellospacedemo/sites 200
[debug] [2024-10-26T12:10:54.031Z] <<< [apiv2][body] GET https://firebasehosting.googleapis.com/v1beta1/projects/hellospacedemo/sites {"sites":[{"name":"projects/hellospacedemo/sites/hellospacedemo","defaultUrl":"https://hellospacedemo.web.app","appId":"1:55580719035:web:8fbb61909a77a887e8f69e","type":"DEFAULT_SITE"}]}
[debug] [2024-10-26T12:10:54.032Z] Checked if tokens are valid: true, expires at: 1729946060436
[debug] [2024-10-26T12:10:54.032Z] Checked if tokens are valid: true, expires at: 1729946060436
[debug] [2024-10-26T12:10:54.032Z] >>> [apiv2][query] GET https://firebase.googleapis.com/v1beta1/projects/-/webApps/1:55580719035:web:8fbb61909a77a887e8f69e/config [none]
[debug] [2024-10-26T12:10:55.014Z] <<< [apiv2][status] GET https://firebase.googleapis.com/v1beta1/projects/-/webApps/1:55580719035:web:8fbb61909a77a887e8f69e/config 200
[debug] [2024-10-26T12:10:55.014Z] <<< [apiv2][body] GET https://firebase.googleapis.com/v1beta1/projects/-/webApps/1:55580719035:web:8fbb61909a77a887e8f69e/config {"projectId":"hellospacedemo","appId":"1:55580719035:web:8fbb61909a77a887e8f69e","storageBucket":"hellospacedemo.appspot.com","apiKey":"AIzaSyDnc5b9po-z0NvEkgU9YampOkAKAnazrDk","authDomain":"hellospacedemo.firebaseapp.com","messagingSenderId":"55580719035"}
[info] 
   Thank you for trying our early preview of Next.js support on Firebase Hosting.
   During the preview, support is best-effort and breaking changes can be expected. Proceed with caution.

   Documentation: https://firebase.google.com/docs/hosting/frameworks/nextjs
   File a bug: https://github.com/firebase/firebase-tools/issues/new?template=bug_report.md
   Submit a feature request: https://github.com/firebase/firebase-tools/issues/new?template=feature_request.md

   We'd love to learn from you. Express your interest in helping us shape the future of Firebase Hosting: https://goo.gle/41enW5X

[debug] [2024-10-26T12:11:02.231Z] Checked if tokens are valid: true, expires at: 1729946060436
[debug] [2024-10-26T12:11:02.231Z] Checked if tokens are valid: true, expires at: 1729946060436
[debug] [2024-10-26T12:11:02.231Z] >>> [apiv2][query] GET https://firebasehosting.googleapis.com/v1beta1/projects/hellospacedemo/sites/hellospacedemo [none]
[debug] [2024-10-26T12:11:03.867Z] <<< [apiv2][status] GET https://firebasehosting.googleapis.com/v1beta1/projects/hellospacedemo/sites/hellospacedemo 200
[debug] [2024-10-26T12:11:03.867Z] <<< [apiv2][body] GET https://firebasehosting.googleapis.com/v1beta1/projects/hellospacedemo/sites/hellospacedemo {"name":"projects/hellospacedemo/sites/hellospacedemo","defaultUrl":"https://hellospacedemo.web.app","appId":"1:55580719035:web:8fbb61909a77a887e8f69e","type":"DEFAULT_SITE"}
[info]    Creating an optimized production build ...

[info] Failed to fetch font `Libre Baskerville`.
URL: https://fonts.googleapis.com/css2?family=Libre+Baskerville:ital,wght@1,700&display=swap

Please check if the network is available.

Retrying 1/3...

[info] Failed to fetch font `Libre Baskerville`.
URL: https://fonts.googleapis.com/css2?family=Libre+Baskerville:ital,wght@1,700&display=swap

Please check if the network is available.

Retrying 2/3...

[info] Error [NextFontError]: Failed to fetch font `Libre Baskerville`.
URL: https://fonts.googleapis.com/css2?family=Libre+Baskerville:ital,wght@1,700&display=swap

Please check if the network is available.
    at nextFontError (D:\Dev\NextJsProjects\hello_space\node_modules\next\dist\compiled\@next\font\dist\next-font-error.js:8:17)
    at D:\Dev\NextJsProjects\hello_space\node_modules\next\dist\compiled\@next\font\dist\google\fetch-css-from-google-fonts.js:72:53
    at process.processTicksAndRejections (node:internal/process/task_queues:95:5)
    at async retry (D:\Dev\NextJsProjects\hello_space\node_modules\next\dist\compiled\@next\font\dist\google\fetch-css-from-google-fonts.js:15:20)
    at async fetchCSSFromGoogleFonts (D:\Dev\NextJsProjects\hello_space\node_modules\next\dist\compiled\@next\font\dist\google\fetch-css-from-google-fonts.js:52:23)
    at async nextFontGoogleFontLoader (D:\Dev\NextJsProjects\hello_space\node_modules\next\dist\compiled\@next\font\dist\google\loader.js:76:15)
    at async Span.traceAsyncFn (D:\Dev\NextJsProjects\hello_space\node_modules\next\dist\trace\trace.js:105:20)
    at async D:\Dev\NextJsProjects\hello_space\node_modules\next\dist\build\webpack\loaders\next-font-loader\index.js:76:87
    at async Span.traceAsyncFn (D:\Dev\NextJsProjects\hello_space\node_modules\next\dist\trace\trace.js:105:20)

[info] Failed to fetch font `Libre Baskerville`.
URL: https://fonts.googleapis.com/css2?family=Libre+Baskerville:ital,wght@1,700&display=swap

Please check if the network is available.

Retrying 1/3...

[info] Failed to fetch font `Libre Baskerville`.
URL: https://fonts.googleapis.com/css2?family=Libre+Baskerville:ital,wght@1,700&display=swap

Please check if the network is available.

Retrying 2/3...

[info] Error [NextFontError]: Failed to fetch font `Libre Baskerville`.
URL: https://fonts.googleapis.com/css2?family=Libre+Baskerville:ital,wght@1,700&display=swap

Please check if the network is available.
    at nextFontError (D:\Dev\NextJsProjects\hello_space\node_modules\next\dist\compiled\@next\font\dist\next-font-error.js:8:17)
    at D:\Dev\NextJsProjects\hello_space\node_modules\next\dist\compiled\@next\font\dist\google\fetch-css-from-google-fonts.js:72:53
    at process.processTicksAndRejections (node:internal/process/task_queues:95:5)
    at async retry (D:\Dev\NextJsProjects\hello_space\node_modules\next\dist\compiled\@next\font\dist\google\fetch-css-from-google-fonts.js:15:20)
    at async fetchCSSFromGoogleFonts (D:\Dev\NextJsProjects\hello_space\node_modules\next\dist\compiled\@next\font\dist\google\fetch-css-from-google-fonts.js:52:23)
    at async nextFontGoogleFontLoader (D:\Dev\NextJsProjects\hello_space\node_modules\next\dist\compiled\@next\font\dist\google\loader.js:76:15)
    at async Span.traceAsyncFn (D:\Dev\NextJsProjects\hello_space\node_modules\next\dist\trace\trace.js:105:20)
    at async D:\Dev\NextJsProjects\hello_space\node_modules\next\dist\build\webpack\loaders\next-font-loader\index.js:76:87
    at async Span.traceAsyncFn (D:\Dev\NextJsProjects\hello_space\node_modules\next\dist\trace\trace.js:105:20)

[info] Failed to compile.


[info] app\components\PageSection\Funiture.tsx
`next/font` error:
Failed to fetch `Libre Baskerville` from Google Fonts.

app\components\PageSection\Hero.tsx
`next/font` error:
Failed to fetch `Libre Baskerville` from Google Fonts.

app\components\PageSection\ShopNow.tsx
`next/font` error:
Failed to fetch `Libre Baskerville` from Google Fonts.


> Build failed because of webpack errors

[debug] [2024-10-26T12:11:49.951Z] Error: ENOENT: no such file or directory, open 'D:\Dev\NextJsProjects\hello_space\.next\export-marker.json'
[error] 
[error] Error: An unexpected error has occurred.
[debug] [2024-10-26T12:13:02.103Z] ----------------------------------------------------------------------
[debug] [2024-10-26T12:13:02.106Z] Command:       C:\Program Files\nodejs\node.exe C:\Users\ADMIN\AppData\Roaming\npm\node_modules\firebase-tools\lib\bin\firebase.js deploy
[debug] [2024-10-26T12:13:02.106Z] CLI Version:   13.23.0
[debug] [2024-10-26T12:13:02.107Z] Platform:      win32
[debug] [2024-10-26T12:13:02.107Z] Node Version:  v20.12.2
[debug] [2024-10-26T12:13:02.107Z] Time:          Sat Oct 26 2024 15:13:02 GMT+0300 (East Africa Time)
[debug] [2024-10-26T12:13:02.107Z] ----------------------------------------------------------------------
[debug] 
[debug] [2024-10-26T12:13:02.174Z] > command requires scopes: ["email","openid","https://www.googleapis.com/auth/cloudplatformprojects.readonly","https://www.googleapis.com/auth/firebase","https://www.googleapis.com/auth/cloud-platform"]
[debug] [2024-10-26T12:13:02.175Z] > authorizing via signed-in user (bmauncho@gmail.com)
[debug] [2024-10-26T12:13:02.175Z] [iam] checking project hellospacedemo for permissions ["firebase.projects.get","firebasehosting.sites.update"]
[debug] [2024-10-26T12:13:02.176Z] Checked if tokens are valid: true, expires at: 1729946060436
[debug] [2024-10-26T12:13:02.176Z] Checked if tokens are valid: true, expires at: 1729946060436
[debug] [2024-10-26T12:13:02.177Z] >>> [apiv2][query] POST https://cloudresourcemanager.googleapis.com/v1/projects/hellospacedemo:testIamPermissions [none]
[debug] [2024-10-26T12:13:02.177Z] >>> [apiv2][(partial)header] POST https://cloudresourcemanager.googleapis.com/v1/projects/hellospacedemo:testIamPermissions x-goog-quota-user=projects/hellospacedemo
[debug] [2024-10-26T12:13:02.177Z] >>> [apiv2][body] POST https://cloudresourcemanager.googleapis.com/v1/projects/hellospacedemo:testIamPermissions {"permissions":["firebase.projects.get","firebasehosting.sites.update"]}
[debug] [2024-10-26T12:13:03.720Z] <<< [apiv2][status] POST https://cloudresourcemanager.googleapis.com/v1/projects/hellospacedemo:testIamPermissions 200
[debug] [2024-10-26T12:13:03.720Z] <<< [apiv2][body] POST https://cloudresourcemanager.googleapis.com/v1/projects/hellospacedemo:testIamPermissions {"permissions":["firebase.projects.get","firebasehosting.sites.update"]}
[debug] [2024-10-26T12:13:03.721Z] Checked if tokens are valid: true, expires at: 1729946060436
[debug] [2024-10-26T12:13:03.721Z] Checked if tokens are valid: true, expires at: 1729946060436
[debug] [2024-10-26T12:13:03.722Z] >>> [apiv2][query] GET https://firebase.googleapis.com/v1beta1/projects/hellospacedemo [none]
[debug] [2024-10-26T12:13:03.727Z] *** [apiv2] error from fetch(https://firebase.googleapis.com/v1beta1/projects/hellospacedemo, {"headers":{},"method":"GET","signal":{}}): FetchError: request to https://firebase.googleapis.com/v1beta1/projects/hellospacedemo failed, reason: getaddrinfo ENOTFOUND firebase.googleapis.com
[debug] [2024-10-26T12:13:03.727Z] Failed to make request to https://firebase.googleapis.com/v1beta1/projects/hellospacedemo (original: request to https://firebase.googleapis.com/v1beta1/projects/hellospacedemo failed, reason: getaddrinfo ENOTFOUND firebase.googleapis.com)
[debug] [2024-10-26T12:13:03.731Z] Checked if tokens are valid: true, expires at: 1729946060436
[debug] [2024-10-26T12:13:03.731Z] Checked if tokens are valid: true, expires at: 1729946060436
[debug] [2024-10-26T12:13:03.731Z] >>> [apiv2][query] GET https://firebase.googleapis.com/v1beta1/projects/hellospacedemo [none]
[debug] [2024-10-26T12:13:04.275Z] <<< [apiv2][status] GET https://firebase.googleapis.com/v1beta1/projects/hellospacedemo 200
[debug] [2024-10-26T12:13:04.275Z] <<< [apiv2][body] GET https://firebase.googleapis.com/v1beta1/projects/hellospacedemo {"projectId":"hellospacedemo","projectNumber":"55580719035","displayName":"Hellospacedemo","name":"projects/hellospacedemo","resources":{"hostingSite":"hellospacedemo"},"state":"ACTIVE","etag":"1_92628d49-1c42-4070-95c8-d4b61edfe3c4"}
[debug] [2024-10-26T12:13:07.365Z] Checked if tokens are valid: true, expires at: 1729946060436
[debug] [2024-10-26T12:13:07.365Z] Checked if tokens are valid: true, expires at: 1729946060436
[debug] [2024-10-26T12:13:07.366Z] >>> [apiv2][query] GET https://firebasehosting.googleapis.com/v1beta1/projects/hellospacedemo/sites pageToken=&pageSize=10
[debug] [2024-10-26T12:13:09.059Z] <<< [apiv2][status] GET https://firebasehosting.googleapis.com/v1beta1/projects/hellospacedemo/sites 200
[debug] [2024-10-26T12:13:09.059Z] <<< [apiv2][body] GET https://firebasehosting.googleapis.com/v1beta1/projects/hellospacedemo/sites {"sites":[{"name":"projects/hellospacedemo/sites/hellospacedemo","defaultUrl":"https://hellospacedemo.web.app","appId":"1:55580719035:web:8fbb61909a77a887e8f69e","type":"DEFAULT_SITE"}]}
[debug] [2024-10-26T12:13:09.059Z] Checked if tokens are valid: true, expires at: 1729946060436
[debug] [2024-10-26T12:13:09.059Z] Checked if tokens are valid: true, expires at: 1729946060436
[debug] [2024-10-26T12:13:09.060Z] >>> [apiv2][query] GET https://firebase.googleapis.com/v1beta1/projects/-/webApps/1:55580719035:web:8fbb61909a77a887e8f69e/config [none]
[debug] [2024-10-26T12:13:09.769Z] <<< [apiv2][status] GET https://firebase.googleapis.com/v1beta1/projects/-/webApps/1:55580719035:web:8fbb61909a77a887e8f69e/config 200
[debug] [2024-10-26T12:13:09.769Z] <<< [apiv2][body] GET https://firebase.googleapis.com/v1beta1/projects/-/webApps/1:55580719035:web:8fbb61909a77a887e8f69e/config {"projectId":"hellospacedemo","appId":"1:55580719035:web:8fbb61909a77a887e8f69e","storageBucket":"hellospacedemo.appspot.com","apiKey":"AIzaSyDnc5b9po-z0NvEkgU9YampOkAKAnazrDk","authDomain":"hellospacedemo.firebaseapp.com","messagingSenderId":"55580719035"}
[info] 
   Thank you for trying our early preview of Next.js support on Firebase Hosting.
   During the preview, support is best-effort and breaking changes can be expected. Proceed with caution.

   Documentation: https://firebase.google.com/docs/hosting/frameworks/nextjs
   File a bug: https://github.com/firebase/firebase-tools/issues/new?template=bug_report.md
   Submit a feature request: https://github.com/firebase/firebase-tools/issues/new?template=feature_request.md

   We'd love to learn from you. Express your interest in helping us shape the future of Firebase Hosting: https://goo.gle/41enW5X

[debug] [2024-10-26T12:13:17.588Z] Checked if tokens are valid: true, expires at: 1729946060436
[debug] [2024-10-26T12:13:17.588Z] Checked if tokens are valid: true, expires at: 1729946060436
[debug] [2024-10-26T12:13:17.588Z] >>> [apiv2][query] GET https://firebasehosting.googleapis.com/v1beta1/projects/hellospacedemo/sites/hellospacedemo [none]
[debug] [2024-10-26T12:13:19.227Z] <<< [apiv2][status] GET https://firebasehosting.googleapis.com/v1beta1/projects/hellospacedemo/sites/hellospacedemo 200
[debug] [2024-10-26T12:13:19.227Z] <<< [apiv2][body] GET https://firebasehosting.googleapis.com/v1beta1/projects/hellospacedemo/sites/hellospacedemo {"name":"projects/hellospacedemo/sites/hellospacedemo","defaultUrl":"https://hellospacedemo.web.app","appId":"1:55580719035:web:8fbb61909a77a887e8f69e","type":"DEFAULT_SITE"}
[info]    Creating an optimized production build ...

[info] Failed to fetch font `Libre Baskerville`.
URL: https://fonts.googleapis.com/css2?family=Libre+Baskerville:ital,wght@1,700&display=swap

Please check if the network is available.

Retrying 1/3...

[info] Failed to fetch font `Libre Baskerville`.
URL: https://fonts.googleapis.com/css2?family=Libre+Baskerville:ital,wght@1,700&display=swap

Please check if the network is available.

Retrying 2/3...

[info] Error [NextFontError]: Failed to fetch font `Libre Baskerville`.
URL: https://fonts.googleapis.com/css2?family=Libre+Baskerville:ital,wght@1,700&display=swap

Please check if the network is available.
    at nextFontError (D:\Dev\NextJsProjects\hello_space\node_modules\next\dist\compiled\@next\font\dist\next-font-error.js:8:17)
    at D:\Dev\NextJsProjects\hello_space\node_modules\next\dist\compiled\@next\font\dist\google\fetch-css-from-google-fonts.js:72:53
    at process.processTicksAndRejections (node:internal/process/task_queues:95:5)
    at async retry (D:\Dev\NextJsProjects\hello_space\node_modules\next\dist\compiled\@next\font\dist\google\fetch-css-from-google-fonts.js:15:20)
    at async fetchCSSFromGoogleFonts (D:\Dev\NextJsProjects\hello_space\node_modules\next\dist\compiled\@next\font\dist\google\fetch-css-from-google-fonts.js:52:23)
    at async nextFontGoogleFontLoader (D:\Dev\NextJsProjects\hello_space\node_modules\next\dist\compiled\@next\font\dist\google\loader.js:76:15)
    at async Span.traceAsyncFn (D:\Dev\NextJsProjects\hello_space\node_modules\next\dist\trace\trace.js:105:20)
    at async D:\Dev\NextJsProjects\hello_space\node_modules\next\dist\build\webpack\loaders\next-font-loader\index.js:76:87
    at async Span.traceAsyncFn (D:\Dev\NextJsProjects\hello_space\node_modules\next\dist\trace\trace.js:105:20)

[info] Failed to fetch font `Libre Baskerville`.
URL: https://fonts.googleapis.com/css2?family=Libre+Baskerville:ital,wght@1,700&display=swap

Please check if the network is available.

Retrying 1/3...

[info] Failed to fetch font `Libre Baskerville`.
URL: https://fonts.googleapis.com/css2?family=Libre+Baskerville:ital,wght@1,700&display=swap

Please check if the network is available.

Retrying 2/3...

[info] Error [NextFontError]: Failed to fetch font `Libre Baskerville`.
URL: https://fonts.googleapis.com/css2?family=Libre+Baskerville:ital,wght@1,700&display=swap

Please check if the network is available.
    at nextFontError (D:\Dev\NextJsProjects\hello_space\node_modules\next\dist\compiled\@next\font\dist\next-font-error.js:8:17)
    at D:\Dev\NextJsProjects\hello_space\node_modules\next\dist\compiled\@next\font\dist\google\fetch-css-from-google-fonts.js:72:53
    at process.processTicksAndRejections (node:internal/process/task_queues:95:5)
    at async retry (D:\Dev\NextJsProjects\hello_space\node_modules\next\dist\compiled\@next\font\dist\google\fetch-css-from-google-fonts.js:15:20)
    at async fetchCSSFromGoogleFonts (D:\Dev\NextJsProjects\hello_space\node_modules\next\dist\compiled\@next\font\dist\google\fetch-css-from-google-fonts.js:52:23)
    at async nextFontGoogleFontLoader (D:\Dev\NextJsProjects\hello_space\node_modules\next\dist\compiled\@next\font\dist\google\loader.js:76:15)
    at async Span.traceAsyncFn (D:\Dev\NextJsProjects\hello_space\node_modules\next\dist\trace\trace.js:105:20)
    at async D:\Dev\NextJsProjects\hello_space\node_modules\next\dist\build\webpack\loaders\next-font-loader\index.js:76:87
    at async Span.traceAsyncFn (D:\Dev\NextJsProjects\hello_space\node_modules\next\dist\trace\trace.js:105:20)

[info] Failed to compile.


[info] app\components\PageSection\Funiture.tsx
`next/font` error:
Failed to fetch `Libre Baskerville` from Google Fonts.

app\components\PageSection\Hero.tsx
`next/font` error:
Failed to fetch `Libre Baskerville` from Google Fonts.

app\components\PageSection\ShopNow.tsx
`next/font` error:
Failed to fetch `Libre Baskerville` from Google Fonts.


[info] 
> Build failed because of webpack errors

[debug] [2024-10-26T12:13:28.964Z] Error: ENOENT: no such file or directory, open 'D:\Dev\NextJsProjects\hello_space\.next\export-marker.json'
[error] 
[error] Error: An unexpected error has occurred.
